2025-10-22 18:34:31,680 - gigachat.api_client - INFO - ✅ GigaChatClient инициализирован
2025-10-22 18:34:32,278 - database.mysql_db - ERROR - ❌ Ошибка подключения к MySQL: 1049 (42000): Unknown database 'citizen_appeals'
2025-10-22 18:34:32,278 - __main__ - ERROR - Ошибка запуска системы: 1049 (42000): Unknown database 'citizen_appeals'
2025-10-22 18:35:02,218 - gigachat.api_client - INFO - ✅ GigaChatClient инициализирован
2025-10-22 18:35:02,310 - database.mysql_db - INFO - ✅ Успешное подключение к MySQL
2025-10-22 18:35:03,149 - database.mysql_db - INFO - ✅ Таблицы созданы успешно
2025-10-22 18:35:03,173 - __main__ - INFO - Система обработки обращений запущена
2025-10-22 18:35:03,267 - bot.citizen_bot - INFO - 🤖 Бот для граждан запущен...
2025-10-22 18:35:03,569 - httpx - INFO - HTTP Request: POST https://api.telegram.org/bot8410273120:AAFIfyX8A-24x_72gQMs9WjVSDHS8T4K-1g/getMe "HTTP/1.1 200 OK"
2025-10-22 18:35:03,621 - httpx - INFO - HTTP Request: POST https://api.telegram.org/bot8410273120:AAFIfyX8A-24x_72gQMs9WjVSDHS8T4K-1g/deleteWebhook "HTTP/1.1 200 OK"
2025-10-22 18:35:03,621 - telegram.ext.Application - INFO - Application started
2025-10-22 18:35:13,779 - httpx - INFO - HTTP Request: POST https://api.telegram.org/bot8410273120:AAFIfyX8A-24x_72gQMs9WjVSDHS8T4K-1g/getUpdates "HTTP/1.1 200 OK"
2025-10-22 18:35:23,844 - httpx - INFO - HTTP Request: POST https://api.telegram.org/bot8410273120:AAFIfyX8A-24x_72gQMs9WjVSDHS8T4K-1g/getUpdates "HTTP/1.1 200 OK"
2025-10-22 18:35:32,028 - httpx - INFO - HTTP Request: POST https://api.telegram.org/bot8410273120:AAFIfyX8A-24x_72gQMs9WjVSDHS8T4K-1g/getUpdates "HTTP/1.1 200 OK"
2025-10-22 18:35:32,031 - bot.citizen_bot - INFO - Обращение от Дмитрий (1733810058): Какие документы необходимы для заселения в лагерь?
2025-10-22 18:35:32,226 - httpx - INFO - HTTP Request: POST https://api.telegram.org/bot8410273120:AAFIfyX8A-24x_72gQMs9WjVSDHS8T4K-1g/sendChatAction "HTTP/1.1 200 OK"
2025-10-22 18:35:32,227 - gigachat.api_client - INFO - 🔐 Попытка аутентификации 1/3...
2025-10-22 18:35:32,344 - gigachat.api_client - INFO - 📊 Статус ответа аутентификации: 200
2025-10-22 18:35:32,345 - gigachat.api_client - INFO - ✅ Успешная аутентификация в GigaChat
2025-10-22 18:35:32,347 - gigachat.api_client - INFO - 💬 Попытка чат-запроса 1/3
2025-10-22 18:35:32,540 - gigachat.api_client - INFO - 📊 Статус ответа чата: 200
2025-10-22 18:35:32,540 - gigachat.api_client - INFO - ✅ Успешно получен ответ от GigaChat
2025-10-22 18:35:32,542 - processing.analyzer - INFO - 🎯 Классифицировано как: запрос документов
2025-10-22 18:35:32,613 - database.mysql_db - INFO - 💾 Сохранено обращение ID: 1
2025-10-22 18:35:32,658 - gigachat.api_client - INFO - 💬 Попытка чат-запроса 1/3
2025-10-22 18:35:33,779 - gigachat.api_client - INFO - 📊 Статус ответа чата: 200
2025-10-22 18:35:33,780 - gigachat.api_client - INFO - ✅ Успешно получен ответ от GigaChat
2025-10-22 18:35:33,782 - processing.analyzer - INFO - 📝 Сгенерирован ответ для обращения 1
2025-10-22 18:35:33,854 - database.mysql_db - INFO - ✏️ Обновлено обращение ID: 1
2025-10-22 18:35:34,033 - httpx - INFO - HTTP Request: POST https://api.telegram.org/bot8410273120:AAFIfyX8A-24x_72gQMs9WjVSDHS8T4K-1g/sendMessage "HTTP/1.1 200 OK"
2025-10-22 18:35:34,035 - bot.citizen_bot - INFO - Ответ отправлен пользователю Дмитрий
2025-10-22 18:35:42,079 - httpx - INFO - HTTP Request: POST https://api.telegram.org/bot8410273120:AAFIfyX8A-24x_72gQMs9WjVSDHS8T4K-1g/getUpdates "HTTP/1.1 200 OK"
2025-10-22 18:35:49,401 - httpx - INFO - HTTP Request: POST https://api.telegram.org/bot8410273120:AAFIfyX8A-24x_72gQMs9WjVSDHS8T4K-1g/getUpdates "HTTP/1.1 200 OK"
2025-10-22 18:35:49,404 - bot.citizen_bot - INFO - Обращение от Дмитрий (1733810058): Кто ты?
2025-10-22 18:35:49,630 - httpx - INFO - HTTP Request: POST https://api.telegram.org/bot8410273120:AAFIfyX8A-24x_72gQMs9WjVSDHS8T4K-1g/sendChatAction "HTTP/1.1 200 OK"
2025-10-22 18:35:49,631 - gigachat.api_client - INFO - 💬 Попытка чат-запроса 1/3
2025-10-22 18:35:49,821 - gigachat.api_client - INFO - 📊 Статус ответа чата: 200
2025-10-22 18:35:49,822 - gigachat.api_client - INFO - ✅ Успешно получен ответ от GigaChat
2025-10-22 18:35:49,823 - processing.analyzer - INFO - 🎯 Классифицировано как: другое
2025-10-22 18:35:49,871 - database.mysql_db - INFO - 💾 Сохранено обращение ID: 2
2025-10-22 18:35:49,896 - database.mysql_db - INFO - ✏️ Обновлено обращение ID: 2
2025-10-22 18:35:50,020 - httpx - INFO - HTTP Request: POST https://api.telegram.org/bot8410273120:AAFIfyX8A-24x_72gQMs9WjVSDHS8T4K-1g/sendMessage "HTTP/1.1 200 OK"
2025-10-22 18:35:50,021 - bot.citizen_bot - INFO - Ответ отправлен пользователю Дмитрий
2025-10-22 18:35:54,687 - httpx - INFO - HTTP Request: POST https://api.telegram.org/bot8410273120:AAFIfyX8A-24x_72gQMs9WjVSDHS8T4K-1g/getUpdates "HTTP/1.1 200 OK"
2025-10-22 18:35:54,690 - bot.citizen_bot - INFO - Обращение от Дмитрий (1733810058): Кто ты?
2025-10-22 18:35:54,809 - httpx - INFO - HTTP Request: POST https://api.telegram.org/bot8410273120:AAFIfyX8A-24x_72gQMs9WjVSDHS8T4K-1g/sendChatAction "HTTP/1.1 200 OK"
2025-10-22 18:35:54,813 - gigachat.api_client - INFO - 💬 Попытка чат-запроса 1/3
2025-10-22 18:35:54,990 - gigachat.api_client - INFO - 📊 Статус ответа чата: 200
2025-10-22 18:35:54,991 - gigachat.api_client - INFO - ✅ Успешно получен ответ от GigaChat
2025-10-22 18:35:54,994 - processing.analyzer - INFO - 🎯 Классифицировано как: другое
2025-10-22 18:35:55,055 - database.mysql_db - INFO - 💾 Сохранено обращение ID: 3
2025-10-22 18:35:55,092 - database.mysql_db - INFO - ✏️ Обновлено обращение ID: 3
2025-10-22 18:35:55,179 - httpx - INFO - HTTP Request: POST https://api.telegram.org/bot8410273120:AAFIfyX8A-24x_72gQMs9WjVSDHS8T4K-1g/sendMessage "HTTP/1.1 200 OK"
2025-10-22 18:35:55,180 - bot.citizen_bot - INFO - Ответ отправлен пользователю Дмитрий
2025-10-22 18:36:03,241 - httpx - INFO - HTTP Request: POST https://api.telegram.org/bot8410273120:AAFIfyX8A-24x_72gQMs9WjVSDHS8T4K-1g/getUpdates "HTTP/1.1 200 OK"
2025-10-22 18:36:03,244 - bot.citizen_bot - INFO - Обращение от Дмитрий (1733810058): Кто я?
2025-10-22 18:36:03,460 - httpx - INFO - HTTP Request: POST https://api.telegram.org/bot8410273120:AAFIfyX8A-24x_72gQMs9WjVSDHS8T4K-1g/sendChatAction "HTTP/1.1 200 OK"
2025-10-22 18:36:03,461 - gigachat.api_client - INFO - 💬 Попытка чат-запроса 1/3
2025-10-22 18:36:03,698 - gigachat.api_client - INFO - 📊 Статус ответа чата: 200
2025-10-22 18:36:03,698 - gigachat.api_client - INFO - ✅ Успешно получен ответ от GigaChat
2025-10-22 18:36:03,700 - processing.analyzer - INFO - 🎯 Классифицировано как: другое
2025-10-22 18:36:03,757 - database.mysql_db - INFO - 💾 Сохранено обращение ID: 4
2025-10-22 18:36:03,783 - database.mysql_db - INFO - ✏️ Обновлено обращение ID: 4
2025-10-22 18:36:03,986 - httpx - INFO - HTTP Request: POST https://api.telegram.org/bot8410273120:AAFIfyX8A-24x_72gQMs9WjVSDHS8T4K-1g/sendMessage "HTTP/1.1 200 OK"
2025-10-22 18:36:03,988 - bot.citizen_bot - INFO - Ответ отправлен пользователю Дмитрий
2025-10-22 18:36:08,683 - httpx - INFO - HTTP Request: POST https://api.telegram.org/bot8410273120:AAFIfyX8A-24x_72gQMs9WjVSDHS8T4K-1g/getUpdates "HTTP/1.1 200 OK"
2025-10-22 18:36:08,686 - bot.citizen_bot - INFO - Обращение от Дмитрий (1733810058): Какое обращение?
2025-10-22 18:36:08,773 - httpx - INFO - HTTP Request: POST https://api.telegram.org/bot8410273120:AAFIfyX8A-24x_72gQMs9WjVSDHS8T4K-1g/sendChatAction "HTTP/1.1 200 OK"
2025-10-22 18:36:08,775 - gigachat.api_client - INFO - 💬 Попытка чат-запроса 1/3
2025-10-22 18:36:08,991 - gigachat.api_client - INFO - 📊 Статус ответа чата: 200
2025-10-22 18:36:08,991 - gigachat.api_client - INFO - ✅ Успешно получен ответ от GigaChat
2025-10-22 18:36:08,993 - processing.analyzer - INFO - 🎯 Классифицировано как: другое
2025-10-22 18:36:09,029 - database.mysql_db - INFO - 💾 Сохранено обращение ID: 5
2025-10-22 18:36:09,068 - database.mysql_db - INFO - ✏️ Обновлено обращение ID: 5
2025-10-22 18:36:09,150 - httpx - INFO - HTTP Request: POST https://api.telegram.org/bot8410273120:AAFIfyX8A-24x_72gQMs9WjVSDHS8T4K-1g/sendMessage "HTTP/1.1 200 OK"
2025-10-22 18:36:09,152 - bot.citizen_bot - INFO - Ответ отправлен пользователю Дмитрий
2025-10-22 18:36:18,735 - httpx - INFO - HTTP Request: POST https://api.telegram.org/bot8410273120:AAFIfyX8A-24x_72gQMs9WjVSDHS8T4K-1g/getUpdates "HTTP/1.1 200 OK"
2025-10-22 18:36:25,606 - httpx - INFO - HTTP Request: POST https://api.telegram.org/bot8410273120:AAFIfyX8A-24x_72gQMs9WjVSDHS8T4K-1g/getUpdates "HTTP/1.1 200 OK"
2025-10-22 18:36:25,608 - bot.citizen_bot - INFO - Обращение от Дмитрий (1733810058): Когда почините дорогу на Рылеева?
2025-10-22 18:36:25,930 - httpx - INFO - HTTP Request: POST https://api.telegram.org/bot8410273120:AAFIfyX8A-24x_72gQMs9WjVSDHS8T4K-1g/sendChatAction "HTTP/1.1 200 OK"
2025-10-22 18:36:25,932 - gigachat.api_client - INFO - 💬 Попытка чат-запроса 1/3
2025-10-22 18:36:26,148 - gigachat.api_client - INFO - 📊 Статус ответа чата: 200
2025-10-22 18:36:26,148 - gigachat.api_client - INFO - ✅ Успешно получен ответ от GigaChat
2025-10-22 18:36:26,150 - processing.analyzer - INFO - 🎯 Классифицировано как: жалоба на дороги
2025-10-22 18:36:26,205 - database.mysql_db - INFO - 💾 Сохранено обращение ID: 6
2025-10-22 18:36:26,207 - gigachat.api_client - INFO - 💬 Попытка чат-запроса 1/3
2025-10-22 18:36:27,831 - gigachat.api_client - INFO - 📊 Статус ответа чата: 200
2025-10-22 18:36:27,832 - gigachat.api_client - INFO - ✅ Успешно получен ответ от GigaChat
2025-10-22 18:36:27,833 - processing.analyzer - INFO - 📝 Сгенерирован ответ для обращения 6
2025-10-22 18:36:27,898 - database.mysql_db - INFO - ✏️ Обновлено обращение ID: 6
2025-10-22 18:36:27,983 - httpx - INFO - HTTP Request: POST https://api.telegram.org/bot8410273120:AAFIfyX8A-24x_72gQMs9WjVSDHS8T4K-1g/sendMessage "HTTP/1.1 200 OK"
2025-10-22 18:36:27,985 - bot.citizen_bot - INFO - Ответ отправлен пользователю Дмитрий
2025-10-22 18:36:35,661 - httpx - INFO - HTTP Request: POST https://api.telegram.org/bot8410273120:AAFIfyX8A-24x_72gQMs9WjVSDHS8T4K-1g/getUpdates "HTTP/1.1 200 OK"
2025-10-22 18:36:43,916 - httpx - INFO - HTTP Request: POST https://api.telegram.org/bot8410273120:AAFIfyX8A-24x_72gQMs9WjVSDHS8T4K-1g/getUpdates "HTTP/1.1 200 OK"
2025-10-22 18:36:43,919 - bot.citizen_bot - INFO - Обращение от Дмитрий (1733810058): Спасибо вам за всё!
2025-10-22 18:36:44,106 - httpx - INFO - HTTP Request: POST https://api.telegram.org/bot8410273120:AAFIfyX8A-24x_72gQMs9WjVSDHS8T4K-1g/sendChatAction "HTTP/1.1 200 OK"
2025-10-22 18:36:44,118 - gigachat.api_client - INFO - 💬 Попытка чат-запроса 1/3
2025-10-22 18:36:44,423 - gigachat.api_client - INFO - 📊 Статус ответа чата: 200
2025-10-22 18:36:44,423 - gigachat.api_client - INFO - ✅ Успешно получен ответ от GigaChat
2025-10-22 18:36:44,425 - processing.analyzer - INFO - 🎯 Классифицировано как: другое
2025-10-22 18:36:44,469 - database.mysql_db - INFO - 💾 Сохранено обращение ID: 7
2025-10-22 18:36:44,519 - database.mysql_db - INFO - ✏️ Обновлено обращение ID: 7
2025-10-22 18:36:44,605 - httpx - INFO - HTTP Request: POST https://api.telegram.org/bot8410273120:AAFIfyX8A-24x_72gQMs9WjVSDHS8T4K-1g/sendMessage "HTTP/1.1 200 OK"
2025-10-22 18:36:44,607 - bot.citizen_bot - INFO - Ответ отправлен пользователю Дмитрий
2025-10-22 18:36:53,603 - httpx - INFO - HTTP Request: POST https://api.telegram.org/bot8410273120:AAFIfyX8A-24x_72gQMs9WjVSDHS8T4K-1g/getUpdates "HTTP/1.1 200 OK"
2025-10-22 18:36:53,605 - bot.citizen_bot - INFO - Обращение от Дмитрий (1733810058): Предлагаю построить стадион
2025-10-22 18:36:53,785 - httpx - INFO - HTTP Request: POST https://api.telegram.org/bot8410273120:AAFIfyX8A-24x_72gQMs9WjVSDHS8T4K-1g/sendChatAction "HTTP/1.1 200 OK"
2025-10-22 18:36:53,787 - gigachat.api_client - INFO - 💬 Попытка чат-запроса 1/3
2025-10-22 18:36:53,991 - gigachat.api_client - INFO - 📊 Статус ответа чата: 200
2025-10-22 18:36:53,992 - gigachat.api_client - INFO - ✅ Успешно получен ответ от GigaChat
2025-10-22 18:36:53,993 - processing.analyzer - INFO - 🎯 Классифицировано как: другое
2025-10-22 18:36:54,036 - database.mysql_db - INFO - 💾 Сохранено обращение ID: 8
2025-10-22 18:36:54,074 - database.mysql_db - INFO - ✏️ Обновлено обращение ID: 8
2025-10-22 18:36:54,181 - httpx - INFO - HTTP Request: POST https://api.telegram.org/bot8410273120:AAFIfyX8A-24x_72gQMs9WjVSDHS8T4K-1g/sendMessage "HTTP/1.1 200 OK"
2025-10-22 18:36:54,183 - bot.citizen_bot - INFO - Ответ отправлен пользователю Дмитрий
2025-10-22 18:36:59,939 - httpx - INFO - HTTP Request: POST https://api.telegram.org/bot8410273120:AAFIfyX8A-24x_72gQMs9WjVSDHS8T4K-1g/getUpdates "HTTP/1.1 200 OK"
2025-10-22 18:36:59,942 - bot.citizen_bot - INFO - Обращение от Дмитрий (1733810058): Вы козлы
2025-10-22 18:37:00,146 - httpx - INFO - HTTP Request: POST https://api.telegram.org/bot8410273120:AAFIfyX8A-24x_72gQMs9WjVSDHS8T4K-1g/sendChatAction "HTTP/1.1 200 OK"
2025-10-22 18:37:00,151 - gigachat.api_client - INFO - 💬 Попытка чат-запроса 1/3
2025-10-22 18:37:00,330 - gigachat.api_client - INFO - 📊 Статус ответа чата: 200
2025-10-22 18:37:00,330 - gigachat.api_client - INFO - ✅ Успешно получен ответ от GigaChat
2025-10-22 18:37:00,332 - processing.analyzer - INFO - 🎯 Классифицировано как: другое
2025-10-22 18:37:00,380 - database.mysql_db - INFO - 💾 Сохранено обращение ID: 9
2025-10-22 18:37:00,405 - database.mysql_db - INFO - ✏️ Обновлено обращение ID: 9
2025-10-22 18:37:00,527 - httpx - INFO - HTTP Request: POST https://api.telegram.org/bot8410273120:AAFIfyX8A-24x_72gQMs9WjVSDHS8T4K-1g/sendMessage "HTTP/1.1 200 OK"
2025-10-22 18:37:00,528 - bot.citizen_bot - INFO - Ответ отправлен пользователю Дмитрий
2025-10-22 18:37:09,996 - httpx - INFO - HTTP Request: POST https://api.telegram.org/bot8410273120:AAFIfyX8A-24x_72gQMs9WjVSDHS8T4K-1g/getUpdates "HTTP/1.1 200 OK"
2025-10-22 18:37:20,056 - httpx - INFO - HTTP Request: POST https://api.telegram.org/bot8410273120:AAFIfyX8A-24x_72gQMs9WjVSDHS8T4K-1g/getUpdates "HTTP/1.1 200 OK"
2025-10-22 18:37:30,118 - httpx - INFO - HTTP Request: POST https://api.telegram.org/bot8410273120:AAFIfyX8A-24x_72gQMs9WjVSDHS8T4K-1g/getUpdates "HTTP/1.1 200 OK"
2025-10-22 18:37:40,171 - httpx - INFO - HTTP Request: POST https://api.telegram.org/bot8410273120:AAFIfyX8A-24x_72gQMs9WjVSDHS8T4K-1g/getUpdates "HTTP/1.1 200 OK"
2025-10-22 18:37:50,222 - httpx - INFO - HTTP Request: POST https://api.telegram.org/bot8410273120:AAFIfyX8A-24x_72gQMs9WjVSDHS8T4K-1g/getUpdates "HTTP/1.1 200 OK"
2025-10-22 18:37:55,519 - httpx - INFO - HTTP Request: POST https://api.telegram.org/bot8410273120:AAFIfyX8A-24x_72gQMs9WjVSDHS8T4K-1g/getUpdates "HTTP/1.1 200 OK"
2025-10-22 18:37:55,521 - telegram.ext.Application - INFO - Application is stopping. This might take a moment.
2025-10-22 18:37:55,521 - telegram.ext.Application - INFO - Application.stop() complete
2025-10-22 18:42:01,947 - gigachat.api_client - INFO - ✅ GigaChatClient инициализирован
2025-10-22 18:42:02,000 - database.mysql_db - INFO - ✅ Успешное подключение к MySQL
2025-10-22 18:42:02,837 - database.mysql_db - INFO - ✅ Таблицы созданы успешно
2025-10-22 18:42:02,837 - __main__ - INFO - Система обработки обращений запущена
2025-10-22 18:42:02,898 - bot.citizen_bot - INFO - 🤖 Бот для граждан запущен...
2025-10-22 18:42:06,717 - httpx - INFO - HTTP Request: POST https://api.telegram.org/bot8208821893:AAHfkECjIgAguRbaaaji8GFngHfcUAval40/getMe "HTTP/1.1 200 OK"
2025-10-22 18:42:06,780 - httpx - INFO - HTTP Request: POST https://api.telegram.org/bot8208821893:AAHfkECjIgAguRbaaaji8GFngHfcUAval40/deleteWebhook "HTTP/1.1 200 OK"
2025-10-22 18:42:06,780 - telegram.ext.Application - INFO - Application started
2025-10-22 18:42:13,537 - httpx - INFO - HTTP Request: POST https://api.telegram.org/bot8208821893:AAHfkECjIgAguRbaaaji8GFngHfcUAval40/getUpdates "HTTP/1.1 200 OK"
2025-10-22 18:42:13,537 - telegram.ext.Application - INFO - Application is stopping. This might take a moment.
2025-10-22 18:42:13,537 - telegram.ext.Application - INFO - Application.stop() complete
2025-10-22 18:44:32,870 - gigachat.api_client - INFO - ✅ GigaChatClient инициализирован
2025-10-22 18:44:32,933 - database.mysql_db - INFO - ✅ Успешное подключение к MySQL
2025-10-22 18:44:32,980 - database.mysql_db - INFO - ✅ Таблицы созданы успешно
2025-10-22 18:44:32,983 - __main__ - INFO - Система обработки обращений запущена
2025-10-22 18:44:33,033 - bot.citizen_bot - INFO - 🤖 Бот для граждан запущен...
2025-10-22 18:44:35,980 - httpx - INFO - HTTP Request: POST https://api.telegram.org/bot8408324014:AAG_LBXM7L4qIhymvcfsAecicf_EL8XFn5c/getMe "HTTP/1.1 200 OK"
2025-10-22 18:44:36,034 - httpx - INFO - HTTP Request: POST https://api.telegram.org/bot8408324014:AAG_LBXM7L4qIhymvcfsAecicf_EL8XFn5c/deleteWebhook "HTTP/1.1 200 OK"
2025-10-22 18:44:36,037 - telegram.ext.Application - INFO - Application started
2025-10-22 18:44:46,207 - httpx - INFO - HTTP Request: POST https://api.telegram.org/bot8408324014:AAG_LBXM7L4qIhymvcfsAecicf_EL8XFn5c/getUpdates "HTTP/1.1 200 OK"
2025-10-22 18:44:50,679 - httpx - INFO - HTTP Request: POST https://api.telegram.org/bot8408324014:AAG_LBXM7L4qIhymvcfsAecicf_EL8XFn5c/getUpdates "HTTP/1.1 200 OK"
2025-10-22 18:44:50,913 - httpx - INFO - HTTP Request: POST https://api.telegram.org/bot8408324014:AAG_LBXM7L4qIhymvcfsAecicf_EL8XFn5c/sendMessage "HTTP/1.1 200 OK"
2025-10-22 18:44:53,699 - httpx - INFO - HTTP Request: POST https://api.telegram.org/bot8408324014:AAG_LBXM7L4qIhymvcfsAecicf_EL8XFn5c/getUpdates "HTTP/1.1 200 OK"
2025-10-22 18:44:53,852 - httpx - INFO - HTTP Request: POST https://api.telegram.org/bot8408324014:AAG_LBXM7L4qIhymvcfsAecicf_EL8XFn5c/sendMessage "HTTP/1.1 200 OK"
2025-10-22 18:45:03,750 - httpx - INFO - HTTP Request: POST https://api.telegram.org/bot8408324014:AAG_LBXM7L4qIhymvcfsAecicf_EL8XFn5c/getUpdates "HTTP/1.1 200 OK"
2025-10-22 18:45:04,463 - httpx - INFO - HTTP Request: POST https://api.telegram.org/bot8408324014:AAG_LBXM7L4qIhymvcfsAecicf_EL8XFn5c/getUpdates "HTTP/1.1 200 OK"
2025-10-22 18:45:04,466 - bot.citizen_bot - INFO - Обращение от Дмитрий (1733810058): Когда починят дорогу на Рылеева?
2025-10-22 18:45:04,720 - httpx - INFO - HTTP Request: POST https://api.telegram.org/bot8408324014:AAG_LBXM7L4qIhymvcfsAecicf_EL8XFn5c/sendChatAction "HTTP/1.1 200 OK"
2025-10-22 18:45:04,721 - gigachat.api_client - INFO - 🔐 Попытка аутентификации 1/3...
2025-10-22 18:45:04,842 - gigachat.api_client - INFO - 📊 Статус ответа аутентификации: 200
2025-10-22 18:45:04,843 - gigachat.api_client - INFO - ✅ Успешная аутентификация в GigaChat
2025-10-22 18:45:04,844 - gigachat.api_client - INFO - 💬 Попытка чат-запроса 1/3
2025-10-22 18:45:05,058 - gigachat.api_client - INFO - 📊 Статус ответа чата: 200
2025-10-22 18:45:05,058 - gigachat.api_client - INFO - ✅ Успешно получен ответ от GigaChat
2025-10-22 18:45:05,060 - processing.analyzer - INFO - 🎯 Классифицировано как: жалоба на дороги
2025-10-22 18:45:05,234 - database.mysql_db - INFO - 💾 Сохранено обращение ID: 1
2025-10-22 18:45:05,236 - gigachat.api_client - INFO - 💬 Попытка чат-запроса 1/3
2025-10-22 18:45:06,229 - gigachat.api_client - INFO - 📊 Статус ответа чата: 200
2025-10-22 18:45:06,230 - gigachat.api_client - INFO - ✅ Успешно получен ответ от GigaChat
2025-10-22 18:45:06,232 - processing.analyzer - INFO - 📝 Сгенерирован ответ для обращения 1
2025-10-22 18:45:06,307 - database.mysql_db - INFO - ✏️ Обновлено обращение ID: 1
2025-10-22 18:45:06,476 - httpx - INFO - HTTP Request: POST https://api.telegram.org/bot8408324014:AAG_LBXM7L4qIhymvcfsAecicf_EL8XFn5c/sendMessage "HTTP/1.1 200 OK"
2025-10-22 18:45:06,478 - bot.citizen_bot - INFO - Ответ отправлен пользователю Дмитрий
2025-10-22 18:45:14,521 - httpx - INFO - HTTP Request: POST https://api.telegram.org/bot8408324014:AAG_LBXM7L4qIhymvcfsAecicf_EL8XFn5c/getUpdates "HTTP/1.1 200 OK"
2025-10-22 18:45:19,647 - httpx - INFO - HTTP Request: POST https://api.telegram.org/bot8408324014:AAG_LBXM7L4qIhymvcfsAecicf_EL8XFn5c/getUpdates "HTTP/1.1 200 OK"
2025-10-22 18:45:20,184 - httpx - INFO - HTTP Request: POST https://api.telegram.org/bot8408324014:AAG_LBXM7L4qIhymvcfsAecicf_EL8XFn5c/sendMessage "HTTP/1.1 200 OK"
2025-10-22 18:45:29,707 - httpx - INFO - HTTP Request: POST https://api.telegram.org/bot8408324014:AAG_LBXM7L4qIhymvcfsAecicf_EL8XFn5c/getUpdates "HTTP/1.1 200 OK"
2025-10-22 18:45:39,781 - httpx - INFO - HTTP Request: POST https://api.telegram.org/bot8408324014:AAG_LBXM7L4qIhymvcfsAecicf_EL8XFn5c/getUpdates "HTTP/1.1 200 OK"
2025-10-22 18:45:49,841 - httpx - INFO - HTTP Request: POST https://api.telegram.org/bot8408324014:AAG_LBXM7L4qIhymvcfsAecicf_EL8XFn5c/getUpdates "HTTP/1.1 200 OK"
2025-10-22 18:45:59,904 - httpx - INFO - HTTP Request: POST https://api.telegram.org/bot8408324014:AAG_LBXM7L4qIhymvcfsAecicf_EL8XFn5c/getUpdates "HTTP/1.1 200 OK"
2025-10-22 18:46:09,970 - httpx - INFO - HTTP Request: POST https://api.telegram.org/bot8408324014:AAG_LBXM7L4qIhymvcfsAecicf_EL8XFn5c/getUpdates "HTTP/1.1 200 OK"
2025-10-22 18:46:20,026 - httpx - INFO - HTTP Request: POST https://api.telegram.org/bot8408324014:AAG_LBXM7L4qIhymvcfsAecicf_EL8XFn5c/getUpdates "HTTP/1.1 200 OK"
2025-10-22 18:46:30,083 - httpx - INFO - HTTP Request: POST https://api.telegram.org/bot8408324014:AAG_LBXM7L4qIhymvcfsAecicf_EL8XFn5c/getUpdates "HTTP/1.1 200 OK"
2025-10-22 18:46:40,154 - httpx - INFO - HTTP Request: POST https://api.telegram.org/bot8408324014:AAG_LBXM7L4qIhymvcfsAecicf_EL8XFn5c/getUpdates "HTTP/1.1 200 OK"
2025-10-22 18:46:50,202 - httpx - INFO - HTTP Request: POST https://api.telegram.org/bot8408324014:AAG_LBXM7L4qIhymvcfsAecicf_EL8XFn5c/getUpdates "HTTP/1.1 200 OK"
2025-10-22 18:46:52,972 - httpx - INFO - HTTP Request: POST https://api.telegram.org/bot8408324014:AAG_LBXM7L4qIhymvcfsAecicf_EL8XFn5c/getUpdates "HTTP/1.1 200 OK"
2025-10-22 18:46:53,222 - httpx - INFO - HTTP Request: POST https://api.telegram.org/bot8408324014:AAG_LBXM7L4qIhymvcfsAecicf_EL8XFn5c/sendMessage "HTTP/1.1 200 OK"
2025-10-22 18:46:56,352 - httpx - INFO - HTTP Request: POST https://api.telegram.org/bot8408324014:AAG_LBXM7L4qIhymvcfsAecicf_EL8XFn5c/getUpdates "HTTP/1.1 200 OK"
2025-10-22 18:46:56,453 - httpx - INFO - HTTP Request: POST https://api.telegram.org/bot8408324014:AAG_LBXM7L4qIhymvcfsAecicf_EL8XFn5c/sendMessage "HTTP/1.1 200 OK"
2025-10-22 18:47:06,403 - httpx - INFO - HTTP Request: POST https://api.telegram.org/bot8408324014:AAG_LBXM7L4qIhymvcfsAecicf_EL8XFn5c/getUpdates "HTTP/1.1 200 OK"
2025-10-22 18:47:15,613 - httpx - INFO - HTTP Request: POST https://api.telegram.org/bot8408324014:AAG_LBXM7L4qIhymvcfsAecicf_EL8XFn5c/getUpdates "HTTP/1.1 200 OK"
2025-10-22 18:47:15,613 - bot.citizen_bot - INFO - Обращение от Need C8H11NO2 (806938707): меня выебли в жопу 10 ставропольских негров
2025-10-22 18:47:15,828 - httpx - INFO - HTTP Request: POST https://api.telegram.org/bot8408324014:AAG_LBXM7L4qIhymvcfsAecicf_EL8XFn5c/sendChatAction "HTTP/1.1 200 OK"
2025-10-22 18:47:15,833 - gigachat.api_client - INFO - 💬 Попытка чат-запроса 1/3
2025-10-22 18:47:16,023 - gigachat.api_client - INFO - 📊 Статус ответа чата: 200
2025-10-22 18:47:16,023 - gigachat.api_client - INFO - ✅ Успешно получен ответ от GigaChat
2025-10-22 18:47:16,023 - processing.analyzer - INFO - 🎯 Классифицировано как: другое
2025-10-22 18:47:16,073 - database.mysql_db - INFO - 💾 Сохранено обращение ID: 2
2025-10-22 18:47:16,113 - database.mysql_db - INFO - ✏️ Обновлено обращение ID: 2
2025-10-22 18:47:16,192 - httpx - INFO - HTTP Request: POST https://api.telegram.org/bot8408324014:AAG_LBXM7L4qIhymvcfsAecicf_EL8XFn5c/sendMessage "HTTP/1.1 200 OK"
2025-10-22 18:47:16,194 - bot.citizen_bot - INFO - Ответ отправлен пользователю Need C8H11NO2
2025-10-22 18:47:24,941 - httpx - INFO - HTTP Request: POST https://api.telegram.org/bot8408324014:AAG_LBXM7L4qIhymvcfsAecicf_EL8XFn5c/getUpdates "HTTP/1.1 200 OK"
2025-10-22 18:47:25,218 - httpx - INFO - HTTP Request: POST https://api.telegram.org/bot8408324014:AAG_LBXM7L4qIhymvcfsAecicf_EL8XFn5c/sendMessage "HTTP/1.1 200 OK"
2025-10-22 18:47:34,993 - httpx - INFO - HTTP Request: POST https://api.telegram.org/bot8408324014:AAG_LBXM7L4qIhymvcfsAecicf_EL8XFn5c/getUpdates "HTTP/1.1 200 OK"
2025-10-22 18:47:45,053 - httpx - INFO - HTTP Request: POST https://api.telegram.org/bot8408324014:AAG_LBXM7L4qIhymvcfsAecicf_EL8XFn5c/getUpdates "HTTP/1.1 200 OK"
2025-10-22 18:47:55,144 - httpx - INFO - HTTP Request: POST https://api.telegram.org/bot8408324014:AAG_LBXM7L4qIhymvcfsAecicf_EL8XFn5c/getUpdates "HTTP/1.1 200 OK"
2025-10-22 18:48:01,024 - httpx - INFO - HTTP Request: POST https://api.telegram.org/bot8408324014:AAG_LBXM7L4qIhymvcfsAecicf_EL8XFn5c/getUpdates "HTTP/1.1 200 OK"
2025-10-22 18:48:01,025 - telegram.ext.Application - INFO - Application is stopping. This might take a moment.
2025-10-22 18:48:01,025 - telegram.ext.Application - INFO - Application.stop() complete
2025-10-22 18:48:17,713 - gigachat.api_client - INFO - ✅ GigaChatClient инициализирован
2025-10-22 18:48:17,770 - database.mysql_db - INFO - ✅ Успешное подключение к MySQL
2025-10-22 18:48:17,823 - database.mysql_db - INFO - ✅ Таблицы созданы успешно
2025-10-22 18:48:17,825 - __main__ - INFO - Система обработки обращений запущена
2025-10-22 18:48:17,874 - bot.citizen_bot - INFO - 🤖 Бот для граждан запущен...
2025-10-22 18:48:18,054 - httpx - INFO - HTTP Request: POST https://api.telegram.org/bot8408324014:AAG_LBXM7L4qIhymvcfsAecicf_EL8XFn5c/getMe "HTTP/1.1 200 OK"
2025-10-22 18:48:18,115 - httpx - INFO - HTTP Request: POST https://api.telegram.org/bot8408324014:AAG_LBXM7L4qIhymvcfsAecicf_EL8XFn5c/deleteWebhook "HTTP/1.1 200 OK"
2025-10-22 18:48:18,117 - telegram.ext.Application - INFO - Application started
2025-10-22 18:48:28,288 - httpx - INFO - HTTP Request: POST https://api.telegram.org/bot8408324014:AAG_LBXM7L4qIhymvcfsAecicf_EL8XFn5c/getUpdates "HTTP/1.1 200 OK"
2025-10-22 18:48:36,951 - httpx - INFO - HTTP Request: POST https://api.telegram.org/bot8408324014:AAG_LBXM7L4qIhymvcfsAecicf_EL8XFn5c/getUpdates "HTTP/1.1 200 OK"
2025-10-22 18:48:37,214 - httpx - INFO - HTTP Request: POST https://api.telegram.org/bot8408324014:AAG_LBXM7L4qIhymvcfsAecicf_EL8XFn5c/sendMessage "HTTP/1.1 200 OK"
2025-10-22 18:48:47,005 - httpx - INFO - HTTP Request: POST https://api.telegram.org/bot8408324014:AAG_LBXM7L4qIhymvcfsAecicf_EL8XFn5c/getUpdates "HTTP/1.1 200 OK"
2025-10-22 18:48:57,072 - httpx - INFO - HTTP Request: POST https://api.telegram.org/bot8408324014:AAG_LBXM7L4qIhymvcfsAecicf_EL8XFn5c/getUpdates "HTTP/1.1 200 OK"
2025-10-22 18:49:07,125 - httpx - INFO - HTTP Request: POST https://api.telegram.org/bot8408324014:AAG_LBXM7L4qIhymvcfsAecicf_EL8XFn5c/getUpdates "HTTP/1.1 200 OK"
2025-10-22 18:49:14,925 - httpx - INFO - HTTP Request: POST https://api.telegram.org/bot8408324014:AAG_LBXM7L4qIhymvcfsAecicf_EL8XFn5c/getUpdates "HTTP/1.1 200 OK"
2025-10-22 18:49:14,925 - telegram.ext.Application - INFO - Application is stopping. This might take a moment.
2025-10-22 18:49:14,925 - telegram.ext.Application - INFO - Application.stop() complete
2025-10-22 18:49:14,982 - bot.analyst_bot - INFO - 🤖 Бот для аналитиков запущен...
2025-10-22 18:49:14,985 - bot.analyst_bot - ERROR - Ошибка запуска бота: Event loop is closed
2025-10-22 18:49:15,157 - werkzeug - INFO - [31m[1mWARNING: This is a development server. Do not use it in a production deployment. Use a production WSGI server instead.[0m
 * Running on http://127.0.0.1:5000
2025-10-22 18:49:15,157 - werkzeug - INFO - [33mPress CTRL+C to quit[0m
2025-10-22 18:50:40,457 - gigachat.api_client - INFO - ✅ GigaChatClient инициализирован
2025-10-22 18:50:40,517 - database.mysql_db - INFO - ✅ Успешное подключение к MySQL
2025-10-22 18:50:40,551 - database.mysql_db - INFO - ✅ Таблицы созданы успешно
2025-10-22 18:50:40,557 - __main__ - INFO - Система обработки обращений запущена
2025-10-22 18:50:40,600 - bot.citizen_bot - INFO - 🤖 Бот для граждан запущен...
2025-10-22 18:50:40,777 - httpx - INFO - HTTP Request: POST https://api.telegram.org/bot8408324014:AAG_LBXM7L4qIhymvcfsAecicf_EL8XFn5c/getMe "HTTP/1.1 200 OK"
2025-10-22 18:50:40,841 - httpx - INFO - HTTP Request: POST https://api.telegram.org/bot8408324014:AAG_LBXM7L4qIhymvcfsAecicf_EL8XFn5c/deleteWebhook "HTTP/1.1 200 OK"
2025-10-22 18:50:40,841 - telegram.ext.Application - INFO - Application started
2025-10-22 18:50:51,018 - httpx - INFO - HTTP Request: POST https://api.telegram.org/bot8408324014:AAG_LBXM7L4qIhymvcfsAecicf_EL8XFn5c/getUpdates "HTTP/1.1 200 OK"
2025-10-22 18:50:58,852 - httpx - INFO - HTTP Request: POST https://api.telegram.org/bot8408324014:AAG_LBXM7L4qIhymvcfsAecicf_EL8XFn5c/getUpdates "HTTP/1.1 200 OK"
2025-10-22 18:50:58,854 - bot.citizen_bot - INFO - Обращение от Дмитрий (1733810058): Предлагаю устроить танцы
2025-10-22 18:50:59,037 - httpx - INFO - HTTP Request: POST https://api.telegram.org/bot8408324014:AAG_LBXM7L4qIhymvcfsAecicf_EL8XFn5c/sendChatAction "HTTP/1.1 200 OK"
2025-10-22 18:50:59,038 - gigachat.api_client - INFO - 🔐 Попытка аутентификации 1/3...
2025-10-22 18:50:59,231 - gigachat.api_client - INFO - 📊 Статус ответа аутентификации: 200
2025-10-22 18:50:59,232 - gigachat.api_client - INFO - ✅ Успешная аутентификация в GigaChat
2025-10-22 18:50:59,234 - gigachat.api_client - INFO - 💬 Попытка чат-запроса 1/3
2025-10-22 18:50:59,447 - gigachat.api_client - INFO - 📊 Статус ответа чата: 200
2025-10-22 18:50:59,447 - gigachat.api_client - INFO - ✅ Успешно получен ответ от GigaChat
2025-10-22 18:50:59,449 - processing.analyzer - INFO - 🎯 Классифицировано как: предложение по культуре
2025-10-22 18:50:59,491 - database.mysql_db - INFO - 💾 Сохранено обращение ID: 3
2025-10-22 18:50:59,493 - gigachat.api_client - INFO - 💬 Попытка чат-запроса 1/3
2025-10-22 18:51:00,505 - gigachat.api_client - INFO - 📊 Статус ответа чата: 200
2025-10-22 18:51:00,505 - gigachat.api_client - INFO - ✅ Успешно получен ответ от GigaChat
2025-10-22 18:51:00,507 - processing.analyzer - INFO - 📝 Сгенерирован ответ для обращения 3
2025-10-22 18:51:00,537 - database.mysql_db - INFO - ✏️ Обновлено обращение ID: 3
2025-10-22 18:51:00,952 - httpx - INFO - HTTP Request: POST https://api.telegram.org/bot8408324014:AAG_LBXM7L4qIhymvcfsAecicf_EL8XFn5c/sendMessage "HTTP/1.1 200 OK"
2025-10-22 18:51:00,954 - bot.citizen_bot - INFO - Ответ отправлен пользователю Дмитрий
2025-10-22 18:51:08,925 - httpx - INFO - HTTP Request: POST https://api.telegram.org/bot8408324014:AAG_LBXM7L4qIhymvcfsAecicf_EL8XFn5c/getUpdates "HTTP/1.1 200 OK"
2025-10-22 18:51:10,005 - httpx - INFO - HTTP Request: POST https://api.telegram.org/bot8408324014:AAG_LBXM7L4qIhymvcfsAecicf_EL8XFn5c/getUpdates "HTTP/1.1 200 OK"
2025-10-22 18:51:10,009 - bot.citizen_bot - INFO - Обращение от Дмитрий (1733810058): Тнцы
2025-10-22 18:51:10,231 - httpx - INFO - HTTP Request: POST https://api.telegram.org/bot8408324014:AAG_LBXM7L4qIhymvcfsAecicf_EL8XFn5c/sendChatAction "HTTP/1.1 200 OK"
2025-10-22 18:51:10,232 - gigachat.api_client - INFO - 💬 Попытка чат-запроса 1/3
2025-10-22 18:51:10,469 - gigachat.api_client - INFO - 📊 Статус ответа чата: 200
2025-10-22 18:51:10,470 - gigachat.api_client - INFO - ✅ Успешно получен ответ от GigaChat
2025-10-22 18:51:10,473 - processing.analyzer - INFO - 🎯 Классифицировано как: другое
2025-10-22 18:51:10,523 - database.mysql_db - INFO - 💾 Сохранено обращение ID: 4
2025-10-22 18:51:10,548 - database.mysql_db - INFO - ✏️ Обновлено обращение ID: 4
2025-10-22 18:51:10,670 - httpx - INFO - HTTP Request: POST https://api.telegram.org/bot8408324014:AAG_LBXM7L4qIhymvcfsAecicf_EL8XFn5c/sendMessage "HTTP/1.1 200 OK"
2025-10-22 18:51:10,672 - bot.citizen_bot - INFO - Ответ отправлен пользователю Дмитрий
2025-10-22 18:51:12,765 - httpx - INFO - HTTP Request: POST https://api.telegram.org/bot8408324014:AAG_LBXM7L4qIhymvcfsAecicf_EL8XFn5c/getUpdates "HTTP/1.1 200 OK"
2025-10-22 18:51:12,767 - bot.citizen_bot - INFO - Обращение от Дмитрий (1733810058): Танцы
2025-10-22 18:51:12,832 - httpx - INFO - HTTP Request: POST https://api.telegram.org/bot8408324014:AAG_LBXM7L4qIhymvcfsAecicf_EL8XFn5c/sendChatAction "HTTP/1.1 200 OK"
2025-10-22 18:51:12,833 - gigachat.api_client - INFO - 💬 Попытка чат-запроса 1/3
2025-10-22 18:51:13,024 - gigachat.api_client - INFO - 📊 Статус ответа чата: 200
2025-10-22 18:51:13,024 - gigachat.api_client - INFO - ✅ Успешно получен ответ от GigaChat
2025-10-22 18:51:13,026 - processing.analyzer - INFO - 🎯 Классифицировано как: предложение по культуре
2025-10-22 18:51:13,091 - database.mysql_db - INFO - 💾 Сохранено обращение ID: 5
2025-10-22 18:51:13,116 - gigachat.api_client - INFO - 💬 Попытка чат-запроса 1/3
2025-10-22 18:51:14,237 - gigachat.api_client - INFO - 📊 Статус ответа чата: 200
2025-10-22 18:51:14,238 - gigachat.api_client - INFO - ✅ Успешно получен ответ от GigaChat
2025-10-22 18:51:14,240 - processing.analyzer - INFO - 📝 Сгенерирован ответ для обращения 5
2025-10-22 18:51:14,289 - database.mysql_db - INFO - ✏️ Обновлено обращение ID: 5
2025-10-22 18:51:14,375 - httpx - INFO - HTTP Request: POST https://api.telegram.org/bot8408324014:AAG_LBXM7L4qIhymvcfsAecicf_EL8XFn5c/sendMessage "HTTP/1.1 200 OK"
2025-10-22 18:51:14,376 - bot.citizen_bot - INFO - Ответ отправлен пользователю Дмитрий
2025-10-22 18:51:18,815 - httpx - INFO - HTTP Request: POST https://api.telegram.org/bot8408324014:AAG_LBXM7L4qIhymvcfsAecicf_EL8XFn5c/getUpdates "HTTP/1.1 200 OK"
2025-10-22 18:51:18,818 - bot.citizen_bot - INFO - Обращение от Дмитрий (1733810058): Культура
2025-10-22 18:51:18,879 - httpx - INFO - HTTP Request: POST https://api.telegram.org/bot8408324014:AAG_LBXM7L4qIhymvcfsAecicf_EL8XFn5c/sendChatAction "HTTP/1.1 200 OK"
2025-10-22 18:51:18,881 - gigachat.api_client - INFO - 💬 Попытка чат-запроса 1/3
2025-10-22 18:51:19,079 - gigachat.api_client - INFO - 📊 Статус ответа чата: 200
2025-10-22 18:51:19,080 - gigachat.api_client - INFO - ✅ Успешно получен ответ от GigaChat
2025-10-22 18:51:19,082 - processing.analyzer - INFO - 🎯 Классифицировано как: предложение по культуре
2025-10-22 18:51:19,116 - database.mysql_db - INFO - 💾 Сохранено обращение ID: 6
2025-10-22 18:51:19,117 - gigachat.api_client - INFO - 💬 Попытка чат-запроса 1/3
2025-10-22 18:51:20,073 - gigachat.api_client - INFO - 📊 Статус ответа чата: 200
2025-10-22 18:51:20,074 - gigachat.api_client - INFO - ✅ Успешно получен ответ от GigaChat
2025-10-22 18:51:20,077 - processing.analyzer - INFO - 📝 Сгенерирован ответ для обращения 6
2025-10-22 18:51:20,103 - database.mysql_db - INFO - ✏️ Обновлено обращение ID: 6
2025-10-22 18:51:20,357 - httpx - INFO - HTTP Request: POST https://api.telegram.org/bot8408324014:AAG_LBXM7L4qIhymvcfsAecicf_EL8XFn5c/sendMessage "HTTP/1.1 200 OK"
2025-10-22 18:51:20,359 - bot.citizen_bot - INFO - Ответ отправлен пользователю Дмитрий
2025-10-22 18:51:22,510 - httpx - INFO - HTTP Request: POST https://api.telegram.org/bot8408324014:AAG_LBXM7L4qIhymvcfsAecicf_EL8XFn5c/getUpdates "HTTP/1.1 200 OK"
2025-10-22 18:51:22,512 - bot.citizen_bot - INFO - Обращение от Дмитрий (1733810058): Спорт
2025-10-22 18:51:22,576 - httpx - INFO - HTTP Request: POST https://api.telegram.org/bot8408324014:AAG_LBXM7L4qIhymvcfsAecicf_EL8XFn5c/sendChatAction "HTTP/1.1 200 OK"
2025-10-22 18:51:22,577 - gigachat.api_client - INFO - 💬 Попытка чат-запроса 1/3
2025-10-22 18:51:22,752 - gigachat.api_client - INFO - 📊 Статус ответа чата: 200
2025-10-22 18:51:22,753 - gigachat.api_client - INFO - ✅ Успешно получен ответ от GigaChat
2025-10-22 18:51:22,754 - processing.analyzer - INFO - 🎯 Классифицировано как: предложение по культуре
2025-10-22 18:51:22,780 - database.mysql_db - INFO - 💾 Сохранено обращение ID: 7
2025-10-22 18:51:22,782 - gigachat.api_client - INFO - 💬 Попытка чат-запроса 1/3
2025-10-22 18:51:23,624 - gigachat.api_client - INFO - 📊 Статус ответа чата: 200
2025-10-22 18:51:23,625 - gigachat.api_client - INFO - ✅ Успешно получен ответ от GigaChat
2025-10-22 18:51:23,627 - processing.analyzer - INFO - 📝 Сгенерирован ответ для обращения 7
2025-10-22 18:51:23,655 - database.mysql_db - INFO - ✏️ Обновлено обращение ID: 7
2025-10-22 18:51:23,765 - httpx - INFO - HTTP Request: POST https://api.telegram.org/bot8408324014:AAG_LBXM7L4qIhymvcfsAecicf_EL8XFn5c/sendMessage "HTTP/1.1 200 OK"
2025-10-22 18:51:23,767 - bot.citizen_bot - INFO - Ответ отправлен пользователю Дмитрий
2025-10-22 18:51:32,568 - httpx - INFO - HTTP Request: POST https://api.telegram.org/bot8408324014:AAG_LBXM7L4qIhymvcfsAecicf_EL8XFn5c/getUpdates "HTTP/1.1 200 OK"
2025-10-22 18:51:36,757 - httpx - INFO - HTTP Request: POST https://api.telegram.org/bot8408324014:AAG_LBXM7L4qIhymvcfsAecicf_EL8XFn5c/getUpdates "HTTP/1.1 200 OK"
2025-10-22 18:51:37,027 - httpx - INFO - HTTP Request: POST https://api.telegram.org/bot8408324014:AAG_LBXM7L4qIhymvcfsAecicf_EL8XFn5c/sendMessage "HTTP/1.1 200 OK"
2025-10-22 18:51:46,818 - httpx - INFO - HTTP Request: POST https://api.telegram.org/bot8408324014:AAG_LBXM7L4qIhymvcfsAecicf_EL8XFn5c/getUpdates "HTTP/1.1 200 OK"
2025-10-22 18:51:56,708 - httpx - INFO - HTTP Request: POST https://api.telegram.org/bot8408324014:AAG_LBXM7L4qIhymvcfsAecicf_EL8XFn5c/getUpdates "HTTP/1.1 200 OK"
2025-10-22 18:51:56,708 - telegram.ext.Application - INFO - Application is stopping. This might take a moment.
2025-10-22 18:51:56,708 - telegram.ext.Application - INFO - Application.stop() complete
2025-10-24 13:34:02,884 - gigachat.api_client - INFO - ✅ GigaChatClient инициализирован
2025-10-24 13:34:03,453 - database.mysql_db - INFO - ✅ Успешное подключение к MySQL
2025-10-24 13:34:03,532 - database.mysql_db - INFO - ✅ Таблицы созданы успешно
2025-10-24 13:34:03,549 - __main__ - INFO - ✅ Система обработки обращений инициализирована
2025-10-24 13:34:03,550 - __main__ - INFO - 🚀 Запуск бота для граждан...
2025-10-24 13:34:03,551 - __main__ - INFO - 🚀 Запуск бота для аналитиков...
2025-10-24 13:34:03,561 - __main__ - INFO - 🚀 Запуск веб-интерфейса на порту 5000...
2025-10-24 13:34:03,561 - __main__ - INFO - ✅ Все компоненты системы запущены
2025-10-24 13:34:03,791 - werkzeug - INFO - [31m[1mWARNING: This is a development server. Do not use it in a production deployment. Use a production WSGI server instead.[0m
 * Running on all addresses (0.0.0.0)
 * Running on http://127.0.0.1:5000
 * Running on http://192.168.1.165:5000
2025-10-24 13:34:03,792 - werkzeug - INFO - [33mPress CTRL+C to quit[0m
2025-10-24 13:34:03,860 - bot.analyst_bot - INFO - 🤖 Бот для аналитиков запущен...
2025-10-24 13:34:03,860 - bot.citizen_bot - INFO - 🤖 Бот для граждан запущен...
2025-10-24 13:34:03,861 - bot.analyst_bot - ERROR - ❌ Ошибка запуска бота аналитиков: There is no current event loop in thread 'Thread-2 (run_analyst_bot)'.
2025-10-24 13:34:03,861 - bot.citizen_bot - ERROR - Ошибка запуска бота: There is no current event loop in thread 'Thread-1 (run_citizen_bot)'.
2025-10-24 13:34:21,394 - web.dashboard - INFO - 🌐 Запрос главной страницы дашборда
2025-10-24 13:34:21,403 - werkzeug - INFO - 192.168.1.165 - - [24/Oct/2025 13:34:21] "GET / HTTP/1.1" 200 -
2025-10-24 13:34:21,848 - web.dashboard - INFO - 📊 Запрос статистики за 30 дней
2025-10-24 13:34:21,961 - werkzeug - INFO - 192.168.1.165 - - [24/Oct/2025 13:34:21] "GET /api/stats?period=30 HTTP/1.1" 200 -
2025-10-24 13:34:22,120 - web.dashboard - INFO - 📈 Запрос трендов за 30 дней
2025-10-24 13:34:22,125 - werkzeug - INFO - 192.168.1.165 - - [24/Oct/2025 13:34:22] "[33mGET /favicon.ico HTTP/1.1[0m" 404 -
2025-10-24 13:34:22,134 - gigachat.api_client - INFO - 🔐 Попытка аутентификации 1/3...
2025-10-24 13:34:22,341 - gigachat.api_client - INFO - 📊 Статус ответа аутентификации: 200
2025-10-24 13:34:22,342 - gigachat.api_client - INFO - ✅ Успешная аутентификация в GigaChat
2025-10-24 13:34:22,343 - gigachat.api_client - INFO - 💬 Попытка чат-запроса 1/3
2025-10-24 13:34:23,959 - gigachat.api_client - INFO - 📊 Статус ответа чата: 200
2025-10-24 13:34:23,960 - gigachat.api_client - INFO - ✅ Успешно получен ответ от GigaChat
2025-10-24 13:34:23,962 - processing.analyzer - INFO - 📊 Проанализированы тренды за 30 дней
2025-10-24 13:34:23,962 - werkzeug - INFO - 192.168.1.165 - - [24/Oct/2025 13:34:23] "GET /api/trends?period=30 HTTP/1.1" 200 -
2025-10-24 13:34:23,967 - web.dashboard - INFO - 📝 Запрос обращений (страница 1, лимит 10)
2025-10-24 13:34:23,970 - werkzeug - INFO - 192.168.1.165 - - [24/Oct/2025 13:34:23] "GET /api/appeals?limit=10 HTTP/1.1" 200 -
2025-10-24 13:34:53,108 - web.dashboard - INFO - 📊 Запрос статистики за 90 дней
2025-10-24 13:34:53,112 - werkzeug - INFO - 192.168.1.165 - - [24/Oct/2025 13:34:53] "GET /api/stats?period=90 HTTP/1.1" 200 -
2025-10-24 13:34:53,118 - web.dashboard - INFO - 📈 Запрос трендов за 90 дней
2025-10-24 13:34:53,123 - gigachat.api_client - INFO - 💬 Попытка чат-запроса 1/3
2025-10-24 13:34:53,748 - gigachat.api_client - INFO - 📊 Статус ответа чата: 200
2025-10-24 13:34:53,749 - gigachat.api_client - INFO - ✅ Успешно получен ответ от GigaChat
2025-10-24 13:34:53,750 - processing.analyzer - INFO - 📊 Проанализированы тренды за 90 дней
2025-10-24 13:34:53,751 - werkzeug - INFO - 192.168.1.165 - - [24/Oct/2025 13:34:53] "GET /api/trends?period=90 HTTP/1.1" 200 -
2025-10-24 13:34:53,758 - web.dashboard - INFO - 📝 Запрос обращений (страница 1, лимит 10)
2025-10-24 13:34:53,760 - werkzeug - INFO - 192.168.1.165 - - [24/Oct/2025 13:34:53] "GET /api/appeals?limit=10 HTTP/1.1" 200 -
2025-10-24 13:34:54,435 - web.dashboard - INFO - 📊 Запрос статистики за 7 дней
2025-10-24 13:34:54,440 - werkzeug - INFO - 192.168.1.165 - - [24/Oct/2025 13:34:54] "GET /api/stats?period=7 HTTP/1.1" 200 -
2025-10-24 13:34:54,447 - web.dashboard - INFO - 📈 Запрос трендов за 7 дней
2025-10-24 13:34:54,449 - gigachat.api_client - INFO - 💬 Попытка чат-запроса 1/3
2025-10-24 13:34:55,067 - gigachat.api_client - INFO - 📊 Статус ответа чата: 200
2025-10-24 13:34:55,067 - gigachat.api_client - INFO - ✅ Успешно получен ответ от GigaChat
2025-10-24 13:34:55,069 - processing.analyzer - INFO - 📊 Проанализированы тренды за 7 дней
2025-10-24 13:34:55,070 - werkzeug - INFO - 192.168.1.165 - - [24/Oct/2025 13:34:55] "GET /api/trends?period=7 HTTP/1.1" 200 -
2025-10-24 13:34:55,075 - web.dashboard - INFO - 📝 Запрос обращений (страница 1, лимит 10)
2025-10-24 13:34:55,077 - werkzeug - INFO - 192.168.1.165 - - [24/Oct/2025 13:34:55] "GET /api/appeals?limit=10 HTTP/1.1" 200 -
2025-10-24 13:36:08,609 - gigachat.api_client - INFO - ✅ GigaChatClient инициализирован
2025-10-24 13:36:08,666 - database.mysql_db - INFO - ✅ Успешное подключение к MySQL
2025-10-24 13:36:08,715 - database.mysql_db - INFO - ✅ Таблицы созданы успешно
2025-10-24 13:36:08,720 - __main__ - INFO - ✅ Система обработки обращений инициализирована
2025-10-24 13:36:08,722 - __main__ - INFO - 🚀 Запуск бота для граждан...
2025-10-24 13:36:08,723 - __main__ - INFO - 🚀 Запуск бота для аналитиков...
2025-10-24 13:36:08,724 - __main__ - INFO - 🚀 Запуск веб-интерфейса на порту 5000...
2025-10-24 13:36:08,724 - __main__ - INFO - ✅ Все компоненты системы запущены
2025-10-24 13:36:08,751 - werkzeug - INFO - [31m[1mWARNING: This is a development server. Do not use it in a production deployment. Use a production WSGI server instead.[0m
 * Running on all addresses (0.0.0.0)
 * Running on http://127.0.0.1:5000
 * Running on http://192.168.1.165:5000
2025-10-24 13:36:08,751 - werkzeug - INFO - [33mPress CTRL+C to quit[0m
2025-10-24 13:36:08,780 - bot.citizen_bot - INFO - 🤖 Бот для граждан запущен...
2025-10-24 13:36:08,781 - bot.citizen_bot - ERROR - Ошибка запуска бота: There is no current event loop in thread 'Thread-1 (run_citizen_bot)'.
2025-10-24 13:36:08,782 - bot.analyst_bot - INFO - 🤖 Бот для аналитиков запущен...
2025-10-24 13:36:08,785 - bot.analyst_bot - ERROR - ❌ Ошибка запуска бота аналитиков: There is no current event loop in thread 'Thread-2 (run_analyst_bot)'.
2025-10-24 13:43:01,167 - __main__ - INFO - ✅ Система обработки обращений инициализирована
2025-10-24 13:43:01,236 - __main__ - INFO - ✅ Все компоненты системы запущены
2025-10-24 13:43:02,928 - gigachat.api_client - INFO - ✅ GigaChatClient инициализирован
2025-10-24 13:43:02,930 - gigachat.api_client - INFO - ✅ GigaChatClient инициализирован
2025-10-24 13:43:02,939 - gigachat.api_client - INFO - ✅ GigaChatClient инициализирован
2025-10-24 13:43:03,007 - database.mysql_db - INFO - ✅ Успешное подключение к MySQL
2025-10-24 13:43:03,013 - database.mysql_db - INFO - ✅ Успешное подключение к MySQL
2025-10-24 13:43:03,017 - database.mysql_db - INFO - ✅ Успешное подключение к MySQL
2025-10-24 13:43:03,062 - database.mysql_db - INFO - ✅ Таблицы созданы успешно
2025-10-24 13:43:03,063 - __mp_main__ - INFO - 🚀 Запуск бота для аналитиков...
2025-10-24 13:43:03,075 - database.mysql_db - INFO - ✅ Таблицы созданы успешно
2025-10-24 13:43:03,075 - __mp_main__ - INFO - 🚀 Запуск бота для граждан...
2025-10-24 13:43:03,088 - database.mysql_db - INFO - ✅ Таблицы созданы успешно
2025-10-24 13:43:03,097 - __mp_main__ - INFO - 🚀 Запуск веб-интерфейса на порту 5000...
2025-10-24 13:43:03,133 - werkzeug - INFO - [31m[1mWARNING: This is a development server. Do not use it in a production deployment. Use a production WSGI server instead.[0m
 * Running on all addresses (0.0.0.0)
 * Running on http://127.0.0.1:5000
 * Running on http://192.168.1.165:5000
2025-10-24 13:43:03,136 - werkzeug - INFO - [33mPress CTRL+C to quit[0m
2025-10-24 13:43:03,138 - bot.analyst_bot - INFO - 🤖 Бот для аналитиков запущен...
2025-10-24 13:43:03,145 - bot.citizen_bot - INFO - 🤖 Бот для граждан запущен...
2025-10-24 13:43:03,407 - httpx - INFO - HTTP Request: POST https://api.telegram.org/bot8408324014:AAG_LBXM7L4qIhymvcfsAecicf_EL8XFn5c/getMe "HTTP/1.1 200 OK"
2025-10-24 13:43:03,488 - httpx - INFO - HTTP Request: POST https://api.telegram.org/bot8408324014:AAG_LBXM7L4qIhymvcfsAecicf_EL8XFn5c/deleteWebhook "HTTP/1.1 200 OK"
2025-10-24 13:43:03,490 - telegram.ext.Application - INFO - Application started
2025-10-24 13:43:03,654 - httpx - INFO - HTTP Request: POST https://api.telegram.org/bot8408324014:AAG_LBXM7L4qIhymvcfsAecicf_EL8XFn5c/getUpdates "HTTP/1.1 200 OK"
2025-10-24 13:43:03,657 - bot.citizen_bot - INFO - Обращение от Дмитрий (1733810058): Обращение
2025-10-24 13:43:03,726 - httpx - INFO - HTTP Request: POST https://api.telegram.org/bot8408324014:AAG_LBXM7L4qIhymvcfsAecicf_EL8XFn5c/sendChatAction "HTTP/1.1 200 OK"
2025-10-24 13:43:03,728 - gigachat.api_client - INFO - 🔐 Попытка аутентификации 1/3...
2025-10-24 13:43:03,826 - gigachat.api_client - INFO - 📊 Статус ответа аутентификации: 200
2025-10-24 13:43:03,827 - gigachat.api_client - INFO - ✅ Успешная аутентификация в GigaChat
2025-10-24 13:43:03,828 - gigachat.api_client - INFO - 💬 Попытка чат-запроса 1/3
2025-10-24 13:43:04,021 - gigachat.api_client - INFO - 📊 Статус ответа чата: 200
2025-10-24 13:43:04,022 - gigachat.api_client - INFO - ✅ Успешно получен ответ от GigaChat
2025-10-24 13:43:04,023 - processing.analyzer - INFO - 🎯 Классифицировано как: другое
2025-10-24 13:43:04,114 - database.mysql_db - INFO - 💾 Сохранено обращение ID: 8
2025-10-24 13:43:04,193 - database.mysql_db - INFO - ✏️ Обновлено обращение ID: 8
2025-10-24 13:43:04,350 - httpx - INFO - HTTP Request: POST https://api.telegram.org/bot8408324014:AAG_LBXM7L4qIhymvcfsAecicf_EL8XFn5c/sendMessage "HTTP/1.1 200 OK"
2025-10-24 13:43:04,351 - bot.citizen_bot - INFO - Ответ отправлен пользователю Дмитрий
2025-10-24 13:43:04,444 - httpx - INFO - HTTP Request: POST https://api.telegram.org/bot8408324014:AAG_LBXM7L4qIhymvcfsAecicf_EL8XFn5c/sendMessage "HTTP/1.1 200 OK"
2025-10-24 13:43:06,228 - httpx - INFO - HTTP Request: POST https://api.telegram.org/bot8471304408:AAFAyuh1JBL-M_PYySLLbS7zJB_5j64EA6c/getMe "HTTP/1.1 200 OK"
2025-10-24 13:43:06,325 - httpx - INFO - HTTP Request: POST https://api.telegram.org/bot8471304408:AAFAyuh1JBL-M_PYySLLbS7zJB_5j64EA6c/deleteWebhook "HTTP/1.1 200 OK"
2025-10-24 13:43:06,354 - telegram.ext.Application - INFO - Application started
2025-10-24 13:43:12,718 - httpx - INFO - HTTP Request: POST https://api.telegram.org/bot8471304408:AAFAyuh1JBL-M_PYySLLbS7zJB_5j64EA6c/getUpdates "HTTP/1.1 200 OK"
2025-10-24 13:43:12,916 - httpx - INFO - HTTP Request: POST https://api.telegram.org/bot8471304408:AAFAyuh1JBL-M_PYySLLbS7zJB_5j64EA6c/sendMessage "HTTP/1.1 200 OK"
2025-10-24 13:43:13,716 - httpx - INFO - HTTP Request: POST https://api.telegram.org/bot8408324014:AAG_LBXM7L4qIhymvcfsAecicf_EL8XFn5c/getUpdates "HTTP/1.1 200 OK"
2025-10-24 13:43:15,831 - httpx - INFO - HTTP Request: POST https://api.telegram.org/bot8471304408:AAFAyuh1JBL-M_PYySLLbS7zJB_5j64EA6c/getUpdates "HTTP/1.1 200 OK"
2025-10-24 13:43:15,918 - httpx - INFO - HTTP Request: POST https://api.telegram.org/bot8471304408:AAFAyuh1JBL-M_PYySLLbS7zJB_5j64EA6c/sendMessage "HTTP/1.1 200 OK"
2025-10-24 13:43:19,628 - httpx - INFO - HTTP Request: POST https://api.telegram.org/bot8471304408:AAFAyuh1JBL-M_PYySLLbS7zJB_5j64EA6c/getUpdates "HTTP/1.1 200 OK"
2025-10-24 13:43:19,634 - gigachat.api_client - INFO - 🔐 Попытка аутентификации 1/3...
2025-10-24 13:43:19,761 - gigachat.api_client - INFO - 📊 Статус ответа аутентификации: 200
2025-10-24 13:43:19,761 - gigachat.api_client - INFO - ✅ Успешная аутентификация в GigaChat
2025-10-24 13:43:19,764 - gigachat.api_client - INFO - 💬 Попытка чат-запроса 1/3
2025-10-24 13:43:19,951 - gigachat.api_client - INFO - 📊 Статус ответа чата: 200
2025-10-24 13:43:19,951 - gigachat.api_client - INFO - ✅ Успешно получен ответ от GigaChat
2025-10-24 13:43:19,953 - processing.analyzer - INFO - 📊 Проанализированы тренды за 30 дней
2025-10-24 13:43:20,061 - httpx - INFO - HTTP Request: POST https://api.telegram.org/bot8471304408:AAFAyuh1JBL-M_PYySLLbS7zJB_5j64EA6c/sendMessage "HTTP/1.1 200 OK"
2025-10-24 13:43:23,774 - httpx - INFO - HTTP Request: POST https://api.telegram.org/bot8408324014:AAG_LBXM7L4qIhymvcfsAecicf_EL8XFn5c/getUpdates "HTTP/1.1 200 OK"
2025-10-24 13:43:24,064 - httpx - INFO - HTTP Request: POST https://api.telegram.org/bot8471304408:AAFAyuh1JBL-M_PYySLLbS7zJB_5j64EA6c/getUpdates "HTTP/1.1 200 OK"
2025-10-24 13:43:24,159 - httpx - INFO - HTTP Request: POST https://api.telegram.org/bot8471304408:AAFAyuh1JBL-M_PYySLLbS7zJB_5j64EA6c/sendMessage "HTTP/1.1 200 OK"
2025-10-24 13:43:29,668 - httpx - INFO - HTTP Request: POST https://api.telegram.org/bot8471304408:AAFAyuh1JBL-M_PYySLLbS7zJB_5j64EA6c/getUpdates "HTTP/1.1 200 OK"
2025-10-24 13:43:29,874 - httpx - INFO - HTTP Request: POST https://api.telegram.org/bot8471304408:AAFAyuh1JBL-M_PYySLLbS7zJB_5j64EA6c/sendMessage "HTTP/1.1 200 OK"
2025-10-24 13:43:32,316 - httpx - INFO - HTTP Request: POST https://api.telegram.org/bot8471304408:AAFAyuh1JBL-M_PYySLLbS7zJB_5j64EA6c/getUpdates "HTTP/1.1 200 OK"
2025-10-24 13:43:32,418 - httpx - INFO - HTTP Request: POST https://api.telegram.org/bot8471304408:AAFAyuh1JBL-M_PYySLLbS7zJB_5j64EA6c/sendMessage "HTTP/1.1 200 OK"
2025-10-24 13:43:33,832 - httpx - INFO - HTTP Request: POST https://api.telegram.org/bot8408324014:AAG_LBXM7L4qIhymvcfsAecicf_EL8XFn5c/getUpdates "HTTP/1.1 200 OK"
2025-10-24 13:43:42,378 - httpx - INFO - HTTP Request: POST https://api.telegram.org/bot8471304408:AAFAyuh1JBL-M_PYySLLbS7zJB_5j64EA6c/getUpdates "HTTP/1.1 200 OK"
2025-10-24 13:43:43,889 - httpx - INFO - HTTP Request: POST https://api.telegram.org/bot8408324014:AAG_LBXM7L4qIhymvcfsAecicf_EL8XFn5c/getUpdates "HTTP/1.1 200 OK"
2025-10-24 13:43:44,963 - httpx - INFO - HTTP Request: POST https://api.telegram.org/bot8408324014:AAG_LBXM7L4qIhymvcfsAecicf_EL8XFn5c/getUpdates "HTTP/1.1 200 OK"
2025-10-24 13:43:44,968 - bot.citizen_bot - INFO - Обращение от Дмитрий (1733810058): Почините дорогу на Рылеева
2025-10-24 13:43:45,148 - httpx - INFO - HTTP Request: POST https://api.telegram.org/bot8408324014:AAG_LBXM7L4qIhymvcfsAecicf_EL8XFn5c/sendChatAction "HTTP/1.1 200 OK"
2025-10-24 13:43:45,150 - gigachat.api_client - INFO - 💬 Попытка чат-запроса 1/3
2025-10-24 13:43:45,344 - gigachat.api_client - INFO - 📊 Статус ответа чата: 200
2025-10-24 13:43:45,345 - gigachat.api_client - INFO - ✅ Успешно получен ответ от GigaChat
2025-10-24 13:43:45,347 - processing.analyzer - INFO - 🎯 Классифицировано как: жалоба на дороги
2025-10-24 13:43:45,413 - database.mysql_db - INFO - 💾 Сохранено обращение ID: 9
2025-10-24 13:43:45,418 - gigachat.api_client - INFO - 💬 Попытка чат-запроса 1/3
2025-10-24 13:43:46,610 - gigachat.api_client - INFO - 📊 Статус ответа чата: 200
2025-10-24 13:43:46,610 - gigachat.api_client - INFO - ✅ Успешно получен ответ от GigaChat
2025-10-24 13:43:46,612 - processing.analyzer - INFO - 📝 Сгенерирован ответ для обращения 9
2025-10-24 13:43:46,764 - database.mysql_db - INFO - ✏️ Обновлено обращение ID: 9
2025-10-24 13:43:46,844 - httpx - INFO - HTTP Request: POST https://api.telegram.org/bot8408324014:AAG_LBXM7L4qIhymvcfsAecicf_EL8XFn5c/sendMessage "HTTP/1.1 200 OK"
2025-10-24 13:43:46,847 - bot.citizen_bot - INFO - Ответ отправлен пользователю Дмитрий
2025-10-24 13:43:52,435 - httpx - INFO - HTTP Request: POST https://api.telegram.org/bot8471304408:AAFAyuh1JBL-M_PYySLLbS7zJB_5j64EA6c/getUpdates "HTTP/1.1 200 OK"
2025-10-24 13:43:55,025 - httpx - INFO - HTTP Request: POST https://api.telegram.org/bot8408324014:AAG_LBXM7L4qIhymvcfsAecicf_EL8XFn5c/getUpdates "HTTP/1.1 200 OK"
2025-10-24 13:43:57,150 - httpx - INFO - HTTP Request: POST https://api.telegram.org/bot8471304408:AAFAyuh1JBL-M_PYySLLbS7zJB_5j64EA6c/getUpdates "HTTP/1.1 200 OK"
2025-10-24 13:43:57,414 - httpx - INFO - HTTP Request: POST https://api.telegram.org/bot8471304408:AAFAyuh1JBL-M_PYySLLbS7zJB_5j64EA6c/sendMessage "HTTP/1.1 200 OK"
2025-10-24 13:43:58,783 - httpx - INFO - HTTP Request: POST https://api.telegram.org/bot8471304408:AAFAyuh1JBL-M_PYySLLbS7zJB_5j64EA6c/getUpdates "HTTP/1.1 200 OK"
2025-10-24 13:43:58,950 - httpx - INFO - HTTP Request: POST https://api.telegram.org/bot8471304408:AAFAyuh1JBL-M_PYySLLbS7zJB_5j64EA6c/sendMessage "HTTP/1.1 200 OK"
2025-10-24 13:43:59,718 - httpx - INFO - HTTP Request: POST https://api.telegram.org/bot8471304408:AAFAyuh1JBL-M_PYySLLbS7zJB_5j64EA6c/getUpdates "HTTP/1.1 200 OK"
2025-10-24 13:43:59,877 - httpx - INFO - HTTP Request: POST https://api.telegram.org/bot8471304408:AAFAyuh1JBL-M_PYySLLbS7zJB_5j64EA6c/sendMessage "HTTP/1.1 200 OK"
2025-10-24 13:44:02,894 - httpx - INFO - HTTP Request: POST https://api.telegram.org/bot8471304408:AAFAyuh1JBL-M_PYySLLbS7zJB_5j64EA6c/getUpdates "HTTP/1.1 200 OK"
2025-10-24 13:44:02,900 - gigachat.api_client - INFO - 💬 Попытка чат-запроса 1/3
2025-10-24 13:44:03,093 - gigachat.api_client - INFO - 📊 Статус ответа чата: 200
2025-10-24 13:44:03,094 - gigachat.api_client - INFO - ✅ Успешно получен ответ от GigaChat
2025-10-24 13:44:03,095 - processing.analyzer - INFO - 📊 Проанализированы тренды за 30 дней
2025-10-24 13:44:03,255 - httpx - INFO - HTTP Request: POST https://api.telegram.org/bot8471304408:AAFAyuh1JBL-M_PYySLLbS7zJB_5j64EA6c/sendMessage "HTTP/1.1 200 OK"
2025-10-24 13:44:04,343 - httpx - INFO - HTTP Request: POST https://api.telegram.org/bot8471304408:AAFAyuh1JBL-M_PYySLLbS7zJB_5j64EA6c/getUpdates "HTTP/1.1 200 OK"
2025-10-24 13:44:04,493 - httpx - INFO - HTTP Request: POST https://api.telegram.org/bot8471304408:AAFAyuh1JBL-M_PYySLLbS7zJB_5j64EA6c/sendMessage "HTTP/1.1 200 OK"
2025-10-24 13:44:05,209 - httpx - INFO - HTTP Request: POST https://api.telegram.org/bot8408324014:AAG_LBXM7L4qIhymvcfsAecicf_EL8XFn5c/getUpdates "HTTP/1.1 200 OK"
2025-10-24 13:44:05,442 - httpx - INFO - HTTP Request: POST https://api.telegram.org/bot8471304408:AAFAyuh1JBL-M_PYySLLbS7zJB_5j64EA6c/getUpdates "HTTP/1.1 200 OK"
2025-10-24 13:44:05,596 - httpx - INFO - HTTP Request: POST https://api.telegram.org/bot8471304408:AAFAyuh1JBL-M_PYySLLbS7zJB_5j64EA6c/sendMessage "HTTP/1.1 200 OK"
2025-10-24 13:44:06,305 - httpx - INFO - HTTP Request: POST https://api.telegram.org/bot8471304408:AAFAyuh1JBL-M_PYySLLbS7zJB_5j64EA6c/getUpdates "HTTP/1.1 200 OK"
2025-10-24 13:44:06,453 - httpx - INFO - HTTP Request: POST https://api.telegram.org/bot8471304408:AAFAyuh1JBL-M_PYySLLbS7zJB_5j64EA6c/sendMessage "HTTP/1.1 200 OK"
2025-10-24 13:44:06,921 - httpx - INFO - HTTP Request: POST https://api.telegram.org/bot8471304408:AAFAyuh1JBL-M_PYySLLbS7zJB_5j64EA6c/getUpdates "HTTP/1.1 200 OK"
2025-10-24 13:44:07,040 - httpx - INFO - HTTP Request: POST https://api.telegram.org/bot8471304408:AAFAyuh1JBL-M_PYySLLbS7zJB_5j64EA6c/sendMessage "HTTP/1.1 200 OK"
2025-10-24 13:44:13,562 - web.dashboard - INFO - 🌐 Запрос главной страницы дашборда
2025-10-24 13:44:13,574 - werkzeug - INFO - 127.0.0.1 - - [24/Oct/2025 13:44:13] "GET / HTTP/1.1" 200 -
2025-10-24 13:44:13,956 - web.dashboard - INFO - 📊 Запрос статистики за 30 дней
2025-10-24 13:44:13,959 - werkzeug - INFO - 127.0.0.1 - - [24/Oct/2025 13:44:13] "GET /api/stats?period=30 HTTP/1.1" 200 -
2025-10-24 13:44:14,254 - web.dashboard - INFO - 📈 Запрос трендов за 30 дней
2025-10-24 13:44:14,257 - gigachat.api_client - INFO - 🔐 Попытка аутентификации 1/3...
2025-10-24 13:44:14,260 - werkzeug - INFO - 127.0.0.1 - - [24/Oct/2025 13:44:14] "[33mGET /favicon.ico HTTP/1.1[0m" 404 -
2025-10-24 13:44:14,369 - gigachat.api_client - INFO - 📊 Статус ответа аутентификации: 200
2025-10-24 13:44:14,370 - gigachat.api_client - INFO - ✅ Успешная аутентификация в GigaChat
2025-10-24 13:44:14,372 - gigachat.api_client - INFO - 💬 Попытка чат-запроса 1/3
2025-10-24 13:44:14,590 - gigachat.api_client - INFO - 📊 Статус ответа чата: 200
2025-10-24 13:44:14,591 - gigachat.api_client - INFO - ✅ Успешно получен ответ от GigaChat
2025-10-24 13:44:14,593 - processing.analyzer - INFO - 📊 Проанализированы тренды за 30 дней
2025-10-24 13:44:14,593 - werkzeug - INFO - 127.0.0.1 - - [24/Oct/2025 13:44:14] "GET /api/trends?period=30 HTTP/1.1" 200 -
2025-10-24 13:44:14,602 - web.dashboard - INFO - 📝 Запрос обращений (страница 1, лимит 10)
2025-10-24 13:44:14,606 - werkzeug - INFO - 127.0.0.1 - - [24/Oct/2025 13:44:14] "GET /api/appeals?limit=10 HTTP/1.1" 200 -
2025-10-24 13:44:15,335 - httpx - INFO - HTTP Request: POST https://api.telegram.org/bot8408324014:AAG_LBXM7L4qIhymvcfsAecicf_EL8XFn5c/getUpdates "HTTP/1.1 200 OK"
2025-10-24 13:44:16,261 - web.dashboard - INFO - 📊 Запрос статистики за 90 дней
2025-10-24 13:44:16,263 - werkzeug - INFO - 127.0.0.1 - - [24/Oct/2025 13:44:16] "GET /api/stats?period=90 HTTP/1.1" 200 -
2025-10-24 13:44:16,276 - web.dashboard - INFO - 📈 Запрос трендов за 90 дней
2025-10-24 13:44:16,278 - gigachat.api_client - INFO - 💬 Попытка чат-запроса 1/3
2025-10-24 13:44:16,454 - gigachat.api_client - INFO - 📊 Статус ответа чата: 200
2025-10-24 13:44:16,455 - gigachat.api_client - INFO - ✅ Успешно получен ответ от GigaChat
2025-10-24 13:44:16,456 - processing.analyzer - INFO - 📊 Проанализированы тренды за 90 дней
2025-10-24 13:44:16,457 - werkzeug - INFO - 127.0.0.1 - - [24/Oct/2025 13:44:16] "GET /api/trends?period=90 HTTP/1.1" 200 -
2025-10-24 13:44:16,463 - web.dashboard - INFO - 📝 Запрос обращений (страница 1, лимит 10)
2025-10-24 13:44:16,470 - werkzeug - INFO - 127.0.0.1 - - [24/Oct/2025 13:44:16] "GET /api/appeals?limit=10 HTTP/1.1" 200 -
2025-10-24 13:44:16,983 - httpx - INFO - HTTP Request: POST https://api.telegram.org/bot8471304408:AAFAyuh1JBL-M_PYySLLbS7zJB_5j64EA6c/getUpdates "HTTP/1.1 200 OK"
2025-10-24 13:44:17,371 - web.dashboard - INFO - 📊 Запрос статистики за 30 дней
2025-10-24 13:44:17,375 - werkzeug - INFO - 127.0.0.1 - - [24/Oct/2025 13:44:17] "GET /api/stats?period=30 HTTP/1.1" 200 -
2025-10-24 13:44:17,381 - web.dashboard - INFO - 📈 Запрос трендов за 30 дней
2025-10-24 13:44:17,389 - gigachat.api_client - INFO - 💬 Попытка чат-запроса 1/3
2025-10-24 13:44:17,586 - gigachat.api_client - INFO - 📊 Статус ответа чата: 200
2025-10-24 13:44:17,587 - gigachat.api_client - INFO - ✅ Успешно получен ответ от GigaChat
2025-10-24 13:44:17,588 - processing.analyzer - INFO - 📊 Проанализированы тренды за 30 дней
2025-10-24 13:44:17,590 - werkzeug - INFO - 127.0.0.1 - - [24/Oct/2025 13:44:17] "GET /api/trends?period=30 HTTP/1.1" 200 -
2025-10-24 13:44:17,595 - web.dashboard - INFO - 📝 Запрос обращений (страница 1, лимит 10)
2025-10-24 13:44:17,601 - werkzeug - INFO - 127.0.0.1 - - [24/Oct/2025 13:44:17] "GET /api/appeals?limit=10 HTTP/1.1" 200 -
2025-10-24 13:44:22,342 - web.dashboard - INFO - 🌐 Запрос главной страницы дашборда
2025-10-24 13:44:22,351 - werkzeug - INFO - 192.168.1.165 - - [24/Oct/2025 13:44:22] "GET / HTTP/1.1" 200 -
2025-10-24 13:44:22,667 - web.dashboard - INFO - 📊 Запрос статистики за 30 дней
2025-10-24 13:44:22,675 - werkzeug - INFO - 192.168.1.165 - - [24/Oct/2025 13:44:22] "GET /api/stats?period=30 HTTP/1.1" 200 -
2025-10-24 13:44:23,011 - web.dashboard - INFO - 📈 Запрос трендов за 30 дней
2025-10-24 13:44:23,013 - gigachat.api_client - INFO - 💬 Попытка чат-запроса 1/3
2025-10-24 13:44:23,207 - gigachat.api_client - INFO - 📊 Статус ответа чата: 200
2025-10-24 13:44:23,207 - gigachat.api_client - INFO - ✅ Успешно получен ответ от GigaChat
2025-10-24 13:44:23,209 - processing.analyzer - INFO - 📊 Проанализированы тренды за 30 дней
2025-10-24 13:44:23,210 - werkzeug - INFO - 192.168.1.165 - - [24/Oct/2025 13:44:23] "GET /api/trends?period=30 HTTP/1.1" 200 -
2025-10-24 13:44:23,222 - web.dashboard - INFO - 📝 Запрос обращений (страница 1, лимит 10)
2025-10-24 13:44:23,225 - werkzeug - INFO - 192.168.1.165 - - [24/Oct/2025 13:44:23] "GET /api/appeals?limit=10 HTTP/1.1" 200 -
2025-10-24 13:44:25,392 - httpx - INFO - HTTP Request: POST https://api.telegram.org/bot8408324014:AAG_LBXM7L4qIhymvcfsAecicf_EL8XFn5c/getUpdates "HTTP/1.1 200 OK"
2025-10-24 13:44:27,044 - httpx - INFO - HTTP Request: POST https://api.telegram.org/bot8471304408:AAFAyuh1JBL-M_PYySLLbS7zJB_5j64EA6c/getUpdates "HTTP/1.1 200 OK"
2025-10-24 13:44:34,977 - httpx - INFO - HTTP Request: POST https://api.telegram.org/bot8471304408:AAFAyuh1JBL-M_PYySLLbS7zJB_5j64EA6c/getUpdates "HTTP/1.1 200 OK"
2025-10-24 13:44:34,978 - telegram.ext.Application - INFO - Application is stopping. This might take a moment.
2025-10-24 13:44:34,979 - telegram.ext.Application - INFO - Application.stop() complete
2025-10-24 13:44:34,980 - httpx - INFO - HTTP Request: POST https://api.telegram.org/bot8408324014:AAG_LBXM7L4qIhymvcfsAecicf_EL8XFn5c/getUpdates "HTTP/1.1 200 OK"
2025-10-24 13:44:34,981 - telegram.ext.Application - INFO - Application is stopping. This might take a moment.
2025-10-24 13:44:34,983 - telegram.ext.Application - INFO - Application.stop() complete
